<?xml version="1.0" encoding="UTF-8"?>
<!-- Generated by org.testng.reporters.JUnitReportReporter -->
<testsuite hostname="Dzikra-Shanum" failures="0" tests="4" name="Runners.Run" time="0.384" errors="0" timestamp="2022-03-27T15:21:52 ICT" skipped="0">
  <testcase classname="Runners.Run" name="runScenario" time="0.017"/>
  <system-out/>
  <testcase classname="Runners.Run" name="runScenario" time="0.288"/>
  <system-out/>
  <testcase classname="Runners.Run" name="runScenario" time="0.031"/>
  <system-out/>
  <testcase classname="Runners.Run" name="runScenario" time="0.048"/>
  <system-out/>
</testsuite> <!-- Runners.Run -->
